This file contains any messages produced by compilers while
running configure, to aid debugging if configure makes a mistake.

It was created by xcalibrateproto configure 0.1.0, which was
generated by GNU Autoconf 2.61.  Invocation command line was

  $ ./configure --enable-maintainer-mode

## --------- ##
## Platform. ##
## --------- ##

hostname = blap
uname -m = i686
uname -r = 2.6.22.5
uname -s = Linux
uname -v = #12 Fri Aug 31 21:30:17 CEST 2007

/usr/bin/uname -p = unknown
/bin/uname -X     = unknown

/bin/arch              = i686
/usr/bin/arch -k       = unknown
/usr/convex/getsysinfo = unknown
/usr/bin/hostinfo      = unknown
/bin/machine           = unknown
/usr/bin/oslevel       = unknown
/bin/universe          = unknown

PATH: /usr/local/bin
PATH: /usr/bin
PATH: /bin
PATH: /usr/bin/X11
PATH: /usr/games


## ----------- ##
## Core tests. ##
## ----------- ##

configure:1692: checking for a BSD-compatible install
configure:1748: result: /usr/bin/install -c
configure:1759: checking whether build environment is sane
configure:1802: result: yes
configure:1830: checking for a thread-safe mkdir -p
configure:1869: result: /bin/mkdir -p
configure:1882: checking for gawk
configure:1898: found /usr/bin/gawk
configure:1909: result: gawk
configure:1920: checking whether make sets $(MAKE)
configure:1941: result: yes
configure:2262: creating ./config.status

## ---------------------- ##
## Running config.status. ##
## ---------------------- ##

This file was extended by xcalibrateproto config.status 0.1.0, which was
generated by GNU Autoconf 2.61.  Invocation command line was

  CONFIG_FILES    = 
  CONFIG_HEADERS  = 
  CONFIG_LINKS    = 
  CONFIG_COMMANDS = 
  $ ./config.status 

on blap

config.status:589: creating Makefile
config.status:589: creating xcalibrateproto.pc

## ---------------- ##
## Cache variables. ##
## ---------------- ##

ac_cv_env_build_alias_set=
ac_cv_env_build_alias_value=
ac_cv_env_host_alias_set=
ac_cv_env_host_alias_value=
ac_cv_env_target_alias_set=
ac_cv_env_target_alias_value=
ac_cv_path_install='/usr/bin/install -c'
ac_cv_path_mkdir=/bin/mkdir
ac_cv_prog_AWK=gawk
ac_cv_prog_make_make_set=yes

## ----------------- ##
## Output variables. ##
## ----------------- ##

ACLOCAL='${SHELL} /var/src/owrt-X/build_dir/i386/calibrateproto-git/missing --run aclocal-1.10'
AMTAR='${SHELL} /var/src/owrt-X/build_dir/i386/calibrateproto-git/missing --run tar'
AUTOCONF='${SHELL} /var/src/owrt-X/build_dir/i386/calibrateproto-git/missing --run autoconf'
AUTOHEADER='${SHELL} /var/src/owrt-X/build_dir/i386/calibrateproto-git/missing --run autoheader'
AUTOMAKE='${SHELL} /var/src/owrt-X/build_dir/i386/calibrateproto-git/missing --run automake-1.10'
AWK='gawk'
CYGPATH_W='echo'
DEFS='-DPACKAGE_NAME=\"xcalibrateproto\" -DPACKAGE_TARNAME=\"xcalibrateproto\" -DPACKAGE_VERSION=\"0.1.0\" -DPACKAGE_STRING=\"xcalibrateproto\ 0.1.0\" -DPACKAGE_BUGREPORT=\"pb@nexus.co.uk\" -DPACKAGE=\"xcalibrateproto\" -DVERSION=\"0.1.0\"'
ECHO_C=''
ECHO_N='-n'
ECHO_T=''
INSTALL_DATA='${INSTALL} -m 644'
INSTALL_PROGRAM='${INSTALL}'
INSTALL_SCRIPT='${INSTALL}'
INSTALL_STRIP_PROGRAM='$(install_sh) -c -s'
LIBOBJS=''
LIBS=''
LTLIBOBJS=''
MAKEINFO='${SHELL} /var/src/owrt-X/build_dir/i386/calibrateproto-git/missing --run makeinfo'
PACKAGE='xcalibrateproto'
PACKAGE_BUGREPORT='pb@nexus.co.uk'
PACKAGE_NAME='xcalibrateproto'
PACKAGE_STRING='xcalibrateproto 0.1.0'
PACKAGE_TARNAME='xcalibrateproto'
PACKAGE_VERSION='0.1.0'
PATH_SEPARATOR=':'
SET_MAKE=''
SHELL='/bin/sh'
STRIP=''
VERSION='0.1.0'
am__isrc=''
am__leading_dot='.'
am__tar='${AMTAR} chof - "$$tardir"'
am__untar='${AMTAR} xf -'
bindir='${exec_prefix}/bin'
build_alias=''
datadir='${datarootdir}'
datarootdir='${prefix}/share'
docdir='${datarootdir}/doc/${PACKAGE_TARNAME}'
dvidir='${docdir}'
exec_prefix='${prefix}'
host_alias=''
htmldir='${docdir}'
includedir='${prefix}/include'
infodir='${datarootdir}/info'
install_sh='$(SHELL) /var/src/owrt-X/build_dir/i386/calibrateproto-git/install-sh'
libdir='${exec_prefix}/lib'
libexecdir='${exec_prefix}/libexec'
localedir='${datarootdir}/locale'
localstatedir='${prefix}/var'
mandir='${datarootdir}/man'
mkdir_p='/bin/mkdir -p'
oldincludedir='/usr/include'
pdfdir='${docdir}'
prefix='/usr/local'
program_transform_name='s,x,x,'
psdir='${docdir}'
sbindir='${exec_prefix}/sbin'
sharedstatedir='${prefix}/com'
sysconfdir='${prefix}/etc'
target_alias=''

## ----------- ##
## confdefs.h. ##
## ----------- ##

#define PACKAGE_NAME "xcalibrateproto"
#define PACKAGE_TARNAME "xcalibrateproto"
#define PACKAGE_VERSION "0.1.0"
#define PACKAGE_STRING "xcalibrateproto 0.1.0"
#define PACKAGE_BUGREPORT "pb@nexus.co.uk"
#define PACKAGE "xcalibrateproto"
#define VERSION "0.1.0"

configure: exit 0
